<?xml version="1.0" encoding="UTF-8"?>
<!-- Generated by org.testng.reporters.JUnitXMLReporter -->
<testsuite hostname="Irfan-PC" ignored="0" name="Test" tests="4" failures="0" timestamp="2019-10-27T14:47:58 IST" time="0.199" errors="0">
  <testcase name="BrowserAutomation" time="0.031" classname="qaclickacademy.SeleniumTest"/>
  <testcase name="UIelements" time="0.001" classname="qaclickacademy.SeleniumTest"/>
  <testcase name="JiraDefect" time="0.004" classname="qaclickacademy.RestAPITest"/>
  <testcase name="JiraReq" time="0.002" classname="qaclickacademy.RestAPITest"/>
</testsuite> <!-- Test -->
