<?xml version="1.0" encoding="UTF-8"?>
<testng-results skipped="0" failed="0" ignored="0" total="2" passed="2">
  <reporter-output>
  </reporter-output>
  <suite name="Surefire suite" duration-ms="140" started-at="2019-10-27T14:49:49 IST" finished-at="2019-10-27T14:49:49 IST">
    <groups>
    </groups>
    <test name="Surefire test" duration-ms="140" started-at="2019-10-27T14:49:49 IST" finished-at="2019-10-27T14:49:49 IST">
      <class name="qaclickacademy.AppiumTest">
        <test-method status="PASS" signature="AndroidApp()[pri:0, instance:qaclickacademy.AppiumTest@14acaea5]" name="AndroidApp" duration-ms="15" started-at="2019-10-27T14:49:49 IST" finished-at="2019-10-27T14:49:49 IST">
          <reporter-output>
          </reporter-output>
        </test-method> <!-- AndroidApp -->
        <test-method status="PASS" signature="IOSApp()[pri:0, instance:qaclickacademy.AppiumTest@14acaea5]" name="IOSApp" duration-ms="0" started-at="2019-10-27T14:49:49 IST" finished-at="2019-10-27T14:49:49 IST">
          <reporter-output>
          </reporter-output>
        </test-method> <!-- IOSApp -->
      </class> <!-- qaclickacademy.AppiumTest -->
    </test> <!-- Surefire test -->
  </suite> <!-- Surefire suite -->
</testng-results>
